<?xml version="1.0" encoding="UTF-8"?>
<testng-results skipped="0" failed="0" total="1" passed="1">
  <reporter-output>
  </reporter-output>
  <suite name="Trello_Board_Workflow" duration-ms="6875" started-at="2020-06-24T08:23:09Z" finished-at="2020-06-24T08:23:15Z">
    <groups>
    </groups>
    <test name="Board_Tests" duration-ms="6875" started-at="2020-06-24T08:23:09Z" finished-at="2020-06-24T08:23:15Z">
      <class name="com.trello.workflow.UpdateBoardsTests">
        <test-method status="PASS" signature="setup()[pri:0, instance:com.trello.workflow.UpdateBoardsTests@7dc36524]" name="setup" is-config="true" duration-ms="937" started-at="2020-06-24T13:53:09Z" finished-at="2020-06-24T13:53:09Z">
          <reporter-output>
          </reporter-output>
        </test-method> <!-- setup -->
        <test-method status="PASS" signature="updateNameOfBoard()[pri:0, instance:com.trello.workflow.UpdateBoardsTests@7dc36524]" name="updateNameOfBoard" duration-ms="5918" started-at="2020-06-24T13:53:09Z" finished-at="2020-06-24T13:53:15Z">
          <reporter-output>
          </reporter-output>
        </test-method> <!-- updateNameOfBoard -->
      </class> <!-- com.trello.workflow.UpdateBoardsTests -->
    </test> <!-- Board_Tests -->
  </suite> <!-- Trello_Board_Workflow -->
</testng-results>
