<?xml version="1.0" encoding="UTF-8"?>
<testng-results skipped="0" failed="1" total="5" passed="4">
  <reporter-output>
  </reporter-output>
  <suite name="Trello_Board_Workflow" duration-ms="29752" started-at="2020-06-16T12:48:26Z" finished-at="2020-06-16T12:48:56Z">
    <groups>
    </groups>
    <test name="Board_Tests" duration-ms="29752" started-at="2020-06-16T12:48:26Z" finished-at="2020-06-16T12:48:56Z">
      <class name="com.trello.workflow.UpdateBoardsTests">
        <test-method status="PASS" signature="setup()[pri:0, instance:com.trello.workflow.UpdateBoardsTests@3cb5cdba]" name="setup" is-config="true" duration-ms="3" started-at="2020-06-16T18:18:52Z" finished-at="2020-06-16T18:18:52Z">
          <reporter-output>
          </reporter-output>
        </test-method> <!-- setup -->
        <test-method status="PASS" signature="updateNameOfBoard()[pri:0, instance:com.trello.workflow.UpdateBoardsTests@3cb5cdba]" name="updateNameOfBoard" duration-ms="3430" started-at="2020-06-16T18:18:52Z" finished-at="2020-06-16T18:18:56Z">
          <reporter-output>
          </reporter-output>
        </test-method> <!-- updateNameOfBoard -->
      </class> <!-- com.trello.workflow.UpdateBoardsTests -->
      <class name="com.trello.workflow.CreateBoardTests">
        <test-method status="PASS" signature="setup()[pri:0, instance:com.trello.workflow.CreateBoardTests@5a39699c]" name="setup" is-config="true" duration-ms="1044" started-at="2020-06-16T18:18:26Z" finished-at="2020-06-16T18:18:27Z">
          <reporter-output>
          </reporter-output>
        </test-method> <!-- setup -->
        <test-method status="PASS" signature="createBoardWithCustomCards()[pri:0, instance:com.trello.workflow.CreateBoardTests@5a39699c]" name="createBoardWithCustomCards" duration-ms="11366" started-at="2020-06-16T18:18:27Z" finished-at="2020-06-16T18:18:38Z">
          <reporter-output>
          </reporter-output>
        </test-method> <!-- createBoardWithCustomCards -->
        <test-method status="FAIL" signature="createBoardWithCustomLists()[pri:0, instance:com.trello.workflow.CreateBoardTests@5a39699c]" name="createBoardWithCustomLists" duration-ms="8011" started-at="2020-06-16T18:18:38Z" finished-at="2020-06-16T18:18:46Z">
          <exception class="java.lang.AssertionError">
            <message>
              <![CDATA[expected [List_Brent Stoltenberg] but found [List_Ahmad Weimann]]]>
            </message>
            <full-stacktrace>
              <![CDATA[java.lang.AssertionError: expected [List_Brent Stoltenberg] but found [List_Ahmad Weimann]
	at org.testng.Assert.fail(Assert.java:94)
	at org.testng.Assert.failNotEquals(Assert.java:513)
	at org.testng.Assert.assertEqualsImpl(Assert.java:135)
	at org.testng.Assert.assertEquals(Assert.java:116)
	at org.testng.Assert.assertEquals(Assert.java:190)
	at org.testng.Assert.assertEquals(Assert.java:200)
	at com.trello.workflow.CreateBoardTests.createBoardWithCustomLists(CreateBoardTests.java:67)
	at sun.reflect.NativeMethodAccessorImpl.invoke0(Native Method)
	at sun.reflect.NativeMethodAccessorImpl.invoke(Unknown Source)
	at sun.reflect.DelegatingMethodAccessorImpl.invoke(Unknown Source)
	at java.lang.reflect.Method.invoke(Unknown Source)
	at org.testng.internal.MethodInvocationHelper.invokeMethod(MethodInvocationHelper.java:86)
	at org.testng.internal.Invoker.invokeMethod(Invoker.java:645)
	at org.testng.internal.Invoker.invokeTestMethod(Invoker.java:822)
	at org.testng.internal.Invoker.invokeTestMethods(Invoker.java:1130)
	at org.testng.internal.TestMethodWorker.invokeTestMethods(TestMethodWorker.java:129)
	at org.testng.internal.TestMethodWorker.run(TestMethodWorker.java:112)
	at org.testng.TestRunner.privateRun(TestRunner.java:782)
	at org.testng.TestRunner.run(TestRunner.java:632)
	at org.testng.SuiteRunner.runTest(SuiteRunner.java:366)
	at org.testng.SuiteRunner.runSequentially(SuiteRunner.java:361)
	at org.testng.SuiteRunner.privateRun(SuiteRunner.java:319)
	at org.testng.SuiteRunner.run(SuiteRunner.java:268)
	at org.testng.SuiteRunnerWorker.runSuite(SuiteRunnerWorker.java:52)
	at org.testng.SuiteRunnerWorker.run(SuiteRunnerWorker.java:86)
	at org.testng.TestNG.runSuitesSequentially(TestNG.java:1244)
	at org.testng.TestNG.runSuitesLocally(TestNG.java:1169)
	at org.testng.TestNG.run(TestNG.java:1064)
	at org.testng.remote.RemoteTestNG.run(RemoteTestNG.java:113)
	at org.testng.remote.RemoteTestNG.initAndRun(RemoteTestNG.java:206)
	at org.testng.remote.RemoteTestNG.main(RemoteTestNG.java:177)
]]>
            </full-stacktrace>
          </exception> <!-- java.lang.AssertionError -->
          <reporter-output>
          </reporter-output>
        </test-method> <!-- createBoardWithCustomLists -->
        <test-method status="PASS" signature="createBoardWithDefaultLists()[pri:0, instance:com.trello.workflow.CreateBoardTests@5a39699c]" name="createBoardWithDefaultLists" duration-ms="2443" started-at="2020-06-16T18:18:46Z" finished-at="2020-06-16T18:18:49Z">
          <reporter-output>
          </reporter-output>
        </test-method> <!-- createBoardWithDefaultLists -->
        <test-method status="PASS" signature="createBoardWithoutDefaultLists()[pri:0, instance:com.trello.workflow.CreateBoardTests@5a39699c]" name="createBoardWithoutDefaultLists" duration-ms="3424" started-at="2020-06-16T18:18:49Z" finished-at="2020-06-16T18:18:52Z">
          <reporter-output>
          </reporter-output>
        </test-method> <!-- createBoardWithoutDefaultLists -->
        <test-method status="PASS" signature="teardown()[pri:0, instance:com.trello.workflow.CreateBoardTests@5a39699c]" name="teardown" is-config="true" duration-ms="1" started-at="2020-06-16T18:18:56Z" finished-at="2020-06-16T18:18:56Z">
          <reporter-output>
          </reporter-output>
        </test-method> <!-- teardown -->
      </class> <!-- com.trello.workflow.CreateBoardTests -->
    </test> <!-- Board_Tests -->
  </suite> <!-- Trello_Board_Workflow -->
</testng-results>
