<?xml version="1.0" encoding="UTF-8"?>
<!-- Generated by org.testng.reporters.JUnitXMLReporter -->
<testsuite hostname="XIPL9166" name="Board_Tests" tests="5" failures="1" timestamp="16 Jun 2020 12:48:56 GMT" time="29.752" errors="0">
  <testcase name="createBoardWithCustomCards" time="11.366" classname="com.trello.workflow.CreateBoardTests"/>
  <testcase name="createBoardWithCustomLists" time="8.011" classname="com.trello.workflow.CreateBoardTests">
    <failure type="java.lang.AssertionError" message="expected [List_Brent Stoltenberg] but found [List_Ahmad Weimann]">
      <![CDATA[java.lang.AssertionError: expected [List_Brent Stoltenberg] but found [List_Ahmad Weimann]
	at com.trello.workflow.CreateBoardTests.createBoardWithCustomLists(CreateBoardTests.java:67)
... Removed 30 stack frames]]>
    </failure>
  </testcase> <!-- createBoardWithCustomLists -->
  <testcase name="createBoardWithDefaultLists" time="2.443" classname="com.trello.workflow.CreateBoardTests"/>
  <testcase name="createBoardWithoutDefaultLists" time="3.424" classname="com.trello.workflow.CreateBoardTests"/>
  <testcase name="updateNameOfBoard" time="3.43" classname="com.trello.workflow.UpdateBoardsTests"/>
</testsuite> <!-- Board_Tests -->
